<?xml version="1.0" encoding="utf-8"?><testsuites name="pytest tests"><testsuite name="pytest" errors="0" failures="0" skipped="0" tests="32" time="10.534" timestamp="2026-03-12T20:37:41.964313+00:00" hostname="agent-env-f8be11f6-3d9e-49ce-806f-0cda78a16d0d"><testcase classname="backend.tests.test_careers_api.TestCareerCategories" name="test_get_categories_success" time="0.168" /><testcase classname="backend.tests.test_careers_api.TestCareerCategories" name="test_categories_have_correct_structure" time="0.118" /><testcase classname="backend.tests.test_careers_api.TestCareerSearch" name="test_search_returns_paginated_results" time="0.146" /><testcase classname="backend.tests.test_careers_api.TestCareerSearch" name="test_search_by_name_doctor" time="0.141" /><testcase classname="backend.tests.test_careers_api.TestCareerSearch" name="test_search_by_skill" time="0.157" /><testcase classname="backend.tests.test_careers_api.TestCareerSearch" name="test_search_by_category_med" time="0.127" /><testcase classname="backend.tests.test_careers_api.TestCareerSearch" name="test_search_by_category_eng" time="0.133" /><testcase classname="backend.tests.test_careers_api.TestCareerSearch" name="test_search_combined_query_and_category" time="0.155" /><testcase classname="backend.tests.test_careers_api.TestCareerSearch" name="test_search_pagination_page_2" time="0.150" /><testcase classname="backend.tests.test_careers_api.TestCareerSearch" name="test_search_no_results" time="0.123" /><testcase classname="backend.tests.test_careers_api.TestCareerDetail" name="test_get_software_engineer_details" time="0.101" /><testcase classname="backend.tests.test_careers_api.TestCareerDetail" name="test_get_doctor_mbbs_details" time="0.108" /><testcase classname="backend.tests.test_careers_api.TestCareerDetail" name="test_career_not_found" time="0.119" /><testcase classname="backend.tests.test_careers_api.TestCareerDetail" name="test_related_careers_same_category" time="0.564" /><testcase classname="backend.tests.test_careers_api.TestCareerDataIntegrity" name="test_total_careers_count" time="0.179" /><testcase classname="backend.tests.test_careers_api.TestCareerDataIntegrity" name="test_category_counts_sum_to_total" time="0.370" /><testcase classname="backend.tests.test_careers_api.TestCareerDataIntegrity" name="test_all_careers_have_required_fields" time="0.122" /><testcase classname="backend.tests.test_careers_api.TestAPIHealthAndBasics" name="test_api_root_endpoint" time="0.104" /><testcase classname="backend.tests.test_careers_api.TestAPIHealthAndBasics" name="test_cors_headers" time="0.230" /><testcase classname="backend.tests.test_report_generation.TestAdminLogin" name="test_admin_login_success" time="0.354" /><testcase classname="backend.tests.test_report_generation.TestAdminLogin" name="test_admin_login_wrong_password" time="0.361" /><testcase classname="backend.tests.test_report_generation.TestUserTestResults" name="test_user_has_all_test_types" time="0.485" /><testcase classname="backend.tests.test_report_generation.TestUserTestResults" name="test_test_results_have_scores" time="0.130" /><testcase classname="backend.tests.test_report_generation.TestReportGeneration" name="test_generate_report_success" time="0.857" /><testcase classname="backend.tests.test_report_generation.TestReportGeneration" name="test_generate_report_user_not_found" time="0.132" /><testcase classname="backend.tests.test_report_generation.TestReportGeneration" name="test_generate_report_without_auth" time="0.119" /><testcase classname="backend.tests.test_report_generation.TestReportDownload" name="test_download_report_returns_pdf" time="1.059" /><testcase classname="backend.tests.test_report_generation.TestReportDownload" name="test_download_report_not_found" time="0.142" /><testcase classname="backend.tests.test_report_generation.TestReportDownload" name="test_download_report_without_auth" time="1.078" /><testcase classname="backend.tests.test_report_generation.TestReportPDFContent" name="test_pdf_has_18_plus_pages" time="1.117" /><testcase classname="backend.tests.test_report_generation.TestReportPDFContent" name="test_pdf_contains_expected_sections" time="1.096" /><testcase classname="backend.tests.test_report_generation.TestUserReportsListing" name="test_get_user_reports" time="0.218" /></testsuite></testsuites>