<?xml version="1.0" encoding="utf-8"?><testsuites name="pytest tests"><testsuite name="pytest" errors="0" failures="0" skipped="0" tests="19" time="3.388" timestamp="2026-03-12T20:08:08.356660+00:00" hostname="agent-env-f8be11f6-3d9e-49ce-806f-0cda78a16d0d"><testcase classname="test_careers_api.TestCareerCategories" name="test_get_categories_success" time="0.159" /><testcase classname="test_careers_api.TestCareerCategories" name="test_categories_have_correct_structure" time="0.129" /><testcase classname="test_careers_api.TestCareerSearch" name="test_search_returns_paginated_results" time="0.118" /><testcase classname="test_careers_api.TestCareerSearch" name="test_search_by_name_doctor" time="0.118" /><testcase classname="test_careers_api.TestCareerSearch" name="test_search_by_skill" time="0.125" /><testcase classname="test_careers_api.TestCareerSearch" name="test_search_by_category_med" time="0.114" /><testcase classname="test_careers_api.TestCareerSearch" name="test_search_by_category_eng" time="0.130" /><testcase classname="test_careers_api.TestCareerSearch" name="test_search_combined_query_and_category" time="0.161" /><testcase classname="test_careers_api.TestCareerSearch" name="test_search_pagination_page_2" time="0.134" /><testcase classname="test_careers_api.TestCareerSearch" name="test_search_no_results" time="0.124" /><testcase classname="test_careers_api.TestCareerDetail" name="test_get_software_engineer_details" time="0.188" /><testcase classname="test_careers_api.TestCareerDetail" name="test_get_doctor_mbbs_details" time="0.113" /><testcase classname="test_careers_api.TestCareerDetail" name="test_career_not_found" time="0.119" /><testcase classname="test_careers_api.TestCareerDetail" name="test_related_careers_same_category" time="0.542" /><testcase classname="test_careers_api.TestCareerDataIntegrity" name="test_total_careers_count" time="0.155" /><testcase classname="test_careers_api.TestCareerDataIntegrity" name="test_category_counts_sum_to_total" time="0.230" /><testcase classname="test_careers_api.TestCareerDataIntegrity" name="test_all_careers_have_required_fields" time="0.200" /><testcase classname="test_careers_api.TestAPIHealthAndBasics" name="test_api_root_endpoint" time="0.122" /><testcase classname="test_careers_api.TestAPIHealthAndBasics" name="test_cors_headers" time="0.229" /></testsuite></testsuites>