<?xml version="1.0" encoding="utf-8"?><testsuites name="pytest tests"><testsuite name="pytest" errors="0" failures="0" skipped="0" tests="13" time="7.478" timestamp="2026-03-12T20:36:37.763474+00:00" hostname="agent-env-f8be11f6-3d9e-49ce-806f-0cda78a16d0d"><testcase classname="backend.tests.test_report_generation.TestAdminLogin" name="test_admin_login_success" time="0.489" /><testcase classname="backend.tests.test_report_generation.TestAdminLogin" name="test_admin_login_wrong_password" time="0.379" /><testcase classname="backend.tests.test_report_generation.TestUserTestResults" name="test_user_has_all_test_types" time="0.480" /><testcase classname="backend.tests.test_report_generation.TestUserTestResults" name="test_test_results_have_scores" time="0.120" /><testcase classname="backend.tests.test_report_generation.TestReportGeneration" name="test_generate_report_success" time="0.889" /><testcase classname="backend.tests.test_report_generation.TestReportGeneration" name="test_generate_report_user_not_found" time="0.167" /><testcase classname="backend.tests.test_report_generation.TestReportGeneration" name="test_generate_report_without_auth" time="0.161" /><testcase classname="backend.tests.test_report_generation.TestReportDownload" name="test_download_report_returns_pdf" time="1.105" /><testcase classname="backend.tests.test_report_generation.TestReportDownload" name="test_download_report_not_found" time="0.110" /><testcase classname="backend.tests.test_report_generation.TestReportDownload" name="test_download_report_without_auth" time="1.031" /><testcase classname="backend.tests.test_report_generation.TestReportPDFContent" name="test_pdf_has_18_plus_pages" time="1.198" /><testcase classname="backend.tests.test_report_generation.TestReportPDFContent" name="test_pdf_contains_expected_sections" time="1.161" /><testcase classname="backend.tests.test_report_generation.TestUserReportsListing" name="test_get_user_reports" time="0.124" /></testsuite></testsuites>